[08:28:04] [main/INFO] (FabricLoader/GameProvider) Loading Minecraft 1.20.1 with Fabric Loader 0.17.3
[08:28:04] [main/INFO] (FabricLoader) Loading 46 mods:
	- cnmcutils 1.0
	- fabric-api 0.92.7+1.20.1
	- fabric-api-base 0.4.32+1802ada577
	- fabric-api-lookup-api-v1 1.6.37+1802ada577
	- fabric-biome-api-v1 13.0.15+93aa238b77
	- fabric-block-api-v1 1.0.12+1802ada577
	- fabric-block-view-api-v2 1.0.3+924f046a77
	- fabric-command-api-v1 1.2.35+f71b366f77
	- fabric-command-api-v2 2.2.14+1802ada577
	- fabric-commands-v0 0.2.52+df3654b377
	- fabric-containers-v0 0.1.67+df3654b377
	- fabric-content-registries-v0 4.0.13+1802ada577
	- fabric-convention-tags-v1 1.5.6+1802ada577
	- fabric-crash-report-info-v1 0.2.20+1802ada577
	- fabric-data-attachment-api-v1 1.0.2+de0fd6d177
	- fabric-data-generation-api-v1 12.3.7+1802ada577
	- fabric-dimensions-v1 2.1.55+1802ada577
	- fabric-entity-events-v1 1.6.1+1c78457f77
	- fabric-events-interaction-v0 0.6.5+13a40c6677
	- fabric-events-lifecycle-v0 0.2.64+df3654b377
	- fabric-game-rule-api-v1 1.0.41+1802ada577
	- fabric-gametest-api-v1 1.2.15+1802ada577
	- fabric-item-api-v1 2.1.29+1802ada577
	- fabric-item-group-api-v1 4.0.14+1802ada577
	- fabric-lifecycle-events-v1 2.2.23+1802ada577
	- fabric-loot-api-v2 1.2.3+1802ada577
	- fabric-loot-tables-v1 1.1.47+9e7660c677
	- fabric-message-api-v1 5.1.10+1802ada577
	- fabric-mining-level-api-v1 2.1.52+1802ada577
	- fabric-networking-api-v1 1.3.14+a158aa0477
	- fabric-networking-v0 0.3.54+df3654b377
	- fabric-object-builder-api-v1 11.1.5+e35120df77
	- fabric-particles-v1 1.1.3+1802ada577
	- fabric-recipe-api-v1 1.0.24+1802ada577
	- fabric-registry-sync-v0 2.3.6+1802ada577
	- fabric-rendering-data-attachment-v1 0.3.39+92a0d36777
	- fabric-rendering-fluids-v1 3.0.29+1802ada577
	- fabric-resource-conditions-api-v1 2.3.9+1802ada577
	- fabric-resource-loader-v0 0.11.12+fb82e9d777
	- fabric-screen-handler-api-v1 1.3.33+1802ada577
	- fabric-transfer-api-v1 3.3.6+8dd72ea377
	- fabric-transitive-access-wideners-v1 4.3.2+1802ada577
	- fabricloader 0.17.3
	- java 21
	- minecraft 1.20.1
	- mixinextras 0.5.0
[08:28:05] [main/INFO] (FabricLoader/Mixin) SpongePowered MIXIN Subsystem Version=0.8.7 Source=file:/C:/Users/fynnkunz/.gradle/caches/modules-2/files-2.1/net.fabricmc/sponge-mixin/0.16.5+mixin.0.8.7/80fc3a9f592673cea87f4cd702f87991c6c9fe4d/sponge-mixin-0.16.5+mixin.0.8.7.jar Service=Knot/Fabric Env=SERVER
[08:28:05] [main/INFO] (FabricLoader/Mixin) Loaded Fabric development mappings for mixin remapper!
[08:28:06] [main/INFO] (FabricLoader/Mixin) Compatibility level set to JAVA_16
[08:28:06] [main/INFO] (FabricLoader/Mixin) Compatibility level set to JAVA_17
[08:28:07] [main/INFO] (FabricLoader/MixinExtras|Service) Initializing MixinExtras via com.llamalad7.mixinextras.service.MixinExtrasServiceImpl(version=0.5.0).
[08:28:23] [main/INFO] (Minecraft) Environment: authHost='https://authserver.mojang.com', accountsHost='https://api.mojang.com', sessionHost='https://sessionserver.mojang.com', servicesHost='https://api.minecraftservices.com', name='PROD'
[08:28:27] [main/INFO] (Minecraft) Loaded 7 recipes
[08:28:28] [main/INFO] (Minecraft) Loaded 1271 advancements
[08:28:29] [main/INFO] (BiomeModificationImpl) Applied 0 biome modifications to 0 of 64 new biomes in 1.828 ms
[08:28:29] [Server thread/INFO] (Minecraft) Starting minecraft server version 1.20.1
[08:28:29] [Server thread/INFO] (Minecraft) Loading properties
[08:28:29] [Server thread/INFO] (Minecraft) Default game type: SURVIVAL
[08:28:29] [Server thread/INFO] (Minecraft) Generating keypair
[08:28:29] [Server thread/INFO] (Minecraft) Starting Minecraft server on *:25565
[08:28:29] [Server thread/INFO] (Minecraft) Using default channel type
[08:28:29] [Server thread/INFO] (Minecraft) Preparing level "world"
[08:28:33] [Server thread/INFO] (Minecraft) Preparing start region for dimension minecraft:overworld
[08:28:38] [Worker-Main-5/INFO] (Minecraft) Preparing spawn area: 0%
[08:28:38] [Worker-Main-1/INFO] (Minecraft) Preparing spawn area: 0%
[08:28:38] [Worker-Main-1/INFO] (Minecraft) Preparing spawn area: 0%
[08:28:38] [Worker-Main-1/INFO] (Minecraft) Preparing spawn area: 0%
[08:28:38] [Worker-Main-1/INFO] (Minecraft) Preparing spawn area: 0%
[08:28:38] [Worker-Main-1/INFO] (Minecraft) Preparing spawn area: 0%
[08:28:38] [Worker-Main-1/INFO] (Minecraft) Preparing spawn area: 0%
[08:28:38] [Worker-Main-1/INFO] (Minecraft) Preparing spawn area: 0%
[08:28:38] [Worker-Main-1/INFO] (Minecraft) Preparing spawn area: 0%
[08:28:38] [Worker-Main-7/INFO] (Minecraft) Preparing spawn area: 0%
[08:28:38] [Worker-Main-1/INFO] (Minecraft) Preparing spawn area: 0%
[08:28:39] [Worker-Main-2/INFO] (Minecraft) Preparing spawn area: 1%
[08:28:40] [Worker-Main-4/INFO] (Minecraft) Preparing spawn area: 1%
[08:28:40] [Worker-Main-7/INFO] (Minecraft) Preparing spawn area: 6%
[08:28:40] [Worker-Main-1/INFO] (Minecraft) Preparing spawn area: 22%
[08:28:41] [Worker-Main-3/INFO] (Minecraft) Preparing spawn area: 34%
[08:28:41] [Worker-Main-6/INFO] (Minecraft) Preparing spawn area: 34%
[08:28:42] [Worker-Main-2/INFO] (Minecraft) Preparing spawn area: 54%
[08:28:42] [Worker-Main-2/INFO] (Minecraft) Preparing spawn area: 68%
[08:28:43] [Worker-Main-7/INFO] (Minecraft) Preparing spawn area: 68%
[08:28:43] [Worker-Main-1/INFO] (Minecraft) Preparing spawn area: 68%
[08:28:44] [Worker-Main-2/INFO] (Minecraft) Preparing spawn area: 76%
[08:28:45] [Worker-Main-3/INFO] (Minecraft) Preparing spawn area: 83%
[08:28:45] [Worker-Main-3/INFO] (Minecraft) Preparing spawn area: 83%
[08:28:45] [Worker-Main-6/INFO] (Minecraft) Preparing spawn area: 83%
[08:28:46] [Worker-Main-2/INFO] (Minecraft) Preparing spawn area: 83%
[08:28:47] [Worker-Main-5/INFO] (Minecraft) Preparing spawn area: 83%
[08:28:47] [Worker-Main-5/INFO] (Minecraft) Preparing spawn area: 83%
[08:28:47] [Worker-Main-1/INFO] (Minecraft) Preparing spawn area: 83%
[08:28:48] [Worker-Main-7/INFO] (Minecraft) Preparing spawn area: 85%
[08:28:48] [Worker-Main-2/INFO] (Minecraft) Preparing spawn area: 85%
[08:28:49] [Worker-Main-5/INFO] (Minecraft) Preparing spawn area: 87%
[08:28:49] [Worker-Main-7/INFO] (Minecraft) Preparing spawn area: 87%
[08:28:50] [Worker-Main-4/INFO] (Minecraft) Preparing spawn area: 92%
[08:28:50] [Worker-Main-6/INFO] (Minecraft) Preparing spawn area: 93%
[08:28:51] [Worker-Main-1/INFO] (Minecraft) Preparing spawn area: 96%
[08:28:51] [Server thread/INFO] (Minecraft) Time elapsed: 17870 ms
[08:28:51] [Server thread/INFO] (Minecraft) Done (21.555s)! For help, type "help"
